2015-11-30 00:44:28 INFO  LogHelper:46 - HHH000204: Processing PersistenceUnitInfo [
	name: default
	...]
2015-11-30 00:44:29 INFO  Version:54 - HHH000412: Hibernate Core {4.3.8.Final}
2015-11-30 00:44:29 INFO  Environment:239 - HHH000206: hibernate.properties not found
2015-11-30 00:44:29 INFO  Environment:346 - HHH000021: Bytecode provider name : javassist
2015-11-30 00:44:30 INFO  Version:66 - HCANN000001: Hibernate Commons Annotations {4.0.5.Final}
2015-11-30 00:44:31 INFO  Dialect:145 - HHH000400: Using dialect: org.hibernate.dialect.MySQL5Dialect
2015-11-30 00:44:31 INFO  ASTQueryTranslatorFactory:47 - HHH000397: Using ASTQueryTranslatorFactory
2015-11-30 00:44:32 INFO  SchemaUpdate:207 - HHH000228: Running hbm2ddl schema update
2015-11-30 00:44:32 INFO  SchemaUpdate:218 - HHH000102: Fetching database metadata
2015-11-30 00:44:32 INFO  SchemaUpdate:230 - HHH000396: Updating schema
2015-11-30 00:44:32 INFO  TableMetadata:66 - HHH000261: Table found: blog.avatares
2015-11-30 00:44:32 INFO  TableMetadata:67 - HHH000037: Columns: [tipo, titulo, id, avatar]
2015-11-30 00:44:32 INFO  TableMetadata:69 - HHH000108: Foreign keys: []
2015-11-30 00:44:32 INFO  TableMetadata:70 - HHH000126: Indexes: [primary]
2015-11-30 00:44:32 INFO  TableMetadata:66 - HHH000261: Table found: blog.usuarios
2015-11-30 00:44:32 INFO  TableMetadata:67 - HHH000037: Columns: [senha_hash, avatar_id, data_cadastro, nome, id, email, perfil]
2015-11-30 00:44:32 INFO  TableMetadata:69 - HHH000108: Foreign keys: [fk_1viseg42e5ulcg81pw2taux7p]
2015-11-30 00:44:32 INFO  TableMetadata:70 - HHH000126: Indexes: [uk_exw5vja1pgfobcpqtldhnx6uv, uk_kfsp0s1tflm1cwlj8idhqsad0, fk_1viseg42e5ulcg81pw2taux7p, primary]
2015-11-30 00:44:32 INFO  SchemaUpdate:267 - HHH000232: Schema update complete
2015-11-30 22:21:11 INFO  LogHelper:46 - HHH000204: Processing PersistenceUnitInfo [
	name: default
	...]
2015-11-30 22:21:12 INFO  Version:54 - HHH000412: Hibernate Core {4.3.8.Final}
2015-11-30 22:21:12 INFO  Environment:239 - HHH000206: hibernate.properties not found
2015-11-30 22:21:12 INFO  Environment:346 - HHH000021: Bytecode provider name : javassist
2015-11-30 22:21:12 INFO  Version:66 - HCANN000001: Hibernate Commons Annotations {4.0.5.Final}
2015-11-30 22:21:13 INFO  Dialect:145 - HHH000400: Using dialect: org.hibernate.dialect.MySQL5Dialect
2015-11-30 22:21:14 INFO  ASTQueryTranslatorFactory:47 - HHH000397: Using ASTQueryTranslatorFactory
2015-11-30 22:21:14 INFO  SchemaUpdate:207 - HHH000228: Running hbm2ddl schema update
2015-11-30 22:21:14 INFO  SchemaUpdate:218 - HHH000102: Fetching database metadata
2015-11-30 22:21:14 INFO  SchemaUpdate:230 - HHH000396: Updating schema
2015-11-30 22:21:15 INFO  TableMetadata:66 - HHH000261: Table found: blog.avatares
2015-11-30 22:21:15 INFO  TableMetadata:67 - HHH000037: Columns: [tipo, titulo, id, avatar]
2015-11-30 22:21:15 INFO  TableMetadata:69 - HHH000108: Foreign keys: []
2015-11-30 22:21:15 INFO  TableMetadata:70 - HHH000126: Indexes: [primary]
2015-11-30 22:21:15 INFO  TableMetadata:66 - HHH000261: Table found: blog.usuarios
2015-11-30 22:21:15 INFO  TableMetadata:67 - HHH000037: Columns: [senha_hash, avatar_id, data_cadastro, nome, id, email, perfil]
2015-11-30 22:21:15 INFO  TableMetadata:69 - HHH000108: Foreign keys: [fk_1viseg42e5ulcg81pw2taux7p]
2015-11-30 22:21:15 INFO  TableMetadata:70 - HHH000126: Indexes: [uk_exw5vja1pgfobcpqtldhnx6uv, uk_kfsp0s1tflm1cwlj8idhqsad0, fk_1viseg42e5ulcg81pw2taux7p, primary]
2015-11-30 22:21:15 INFO  SchemaUpdate:267 - HHH000232: Schema update complete
2015-11-30 22:28:00 INFO  LogHelper:46 - HHH000204: Processing PersistenceUnitInfo [
	name: default
	...]
2015-11-30 22:28:00 INFO  Version:54 - HHH000412: Hibernate Core {4.3.8.Final}
2015-11-30 22:28:00 INFO  Environment:239 - HHH000206: hibernate.properties not found
2015-11-30 22:28:00 INFO  Environment:346 - HHH000021: Bytecode provider name : javassist
2015-11-30 22:28:01 INFO  Version:66 - HCANN000001: Hibernate Commons Annotations {4.0.5.Final}
2015-11-30 22:28:02 INFO  Dialect:145 - HHH000400: Using dialect: org.hibernate.dialect.MySQL5Dialect
2015-11-30 22:28:02 INFO  ASTQueryTranslatorFactory:47 - HHH000397: Using ASTQueryTranslatorFactory
2015-11-30 22:28:03 INFO  SchemaUpdate:207 - HHH000228: Running hbm2ddl schema update
2015-11-30 22:28:03 INFO  SchemaUpdate:218 - HHH000102: Fetching database metadata
2015-11-30 22:28:03 INFO  SchemaUpdate:230 - HHH000396: Updating schema
2015-11-30 22:28:03 INFO  TableMetadata:66 - HHH000261: Table found: blog.avatares
2015-11-30 22:28:03 INFO  TableMetadata:67 - HHH000037: Columns: [tipo, titulo, id, avatar]
2015-11-30 22:28:03 INFO  TableMetadata:69 - HHH000108: Foreign keys: []
2015-11-30 22:28:03 INFO  TableMetadata:70 - HHH000126: Indexes: [primary]
2015-11-30 22:28:03 INFO  TableMetadata:66 - HHH000261: Table found: blog.usuarios
2015-11-30 22:28:03 INFO  TableMetadata:67 - HHH000037: Columns: [senha_hash, avatar_id, data_cadastro, nome, id, email, perfil]
2015-11-30 22:28:03 INFO  TableMetadata:69 - HHH000108: Foreign keys: [fk_1viseg42e5ulcg81pw2taux7p]
2015-11-30 22:28:03 INFO  TableMetadata:70 - HHH000126: Indexes: [uk_exw5vja1pgfobcpqtldhnx6uv, uk_kfsp0s1tflm1cwlj8idhqsad0, fk_1viseg42e5ulcg81pw2taux7p, primary]
2015-11-30 22:28:03 INFO  SchemaUpdate:267 - HHH000232: Schema update complete
2015-11-30 22:28:44 WARN  SqlExceptionHelper:144 - SQL Error: 1062, SQLState: 23000
2015-11-30 22:28:44 ERROR SqlExceptionHelper:146 - Duplicate entry '2' for key 'PRIMARY'
2015-11-30 22:28:44 WARN  SqlExceptionHelper:232 - SQL Warning Code: 1062, SQLState: 23000
2015-11-30 22:28:44 WARN  SqlExceptionHelper:233 - Duplicate entry '2' for key 'PRIMARY'
2015-11-30 22:34:54 INFO  LogHelper:46 - HHH000204: Processing PersistenceUnitInfo [
	name: default
	...]
2015-11-30 22:34:54 INFO  Version:54 - HHH000412: Hibernate Core {4.3.8.Final}
2015-11-30 22:34:54 INFO  Environment:239 - HHH000206: hibernate.properties not found
2015-11-30 22:34:54 INFO  Environment:346 - HHH000021: Bytecode provider name : javassist
2015-11-30 22:34:55 INFO  Version:66 - HCANN000001: Hibernate Commons Annotations {4.0.5.Final}
2015-11-30 22:34:56 INFO  Dialect:145 - HHH000400: Using dialect: org.hibernate.dialect.MySQL5Dialect
2015-11-30 22:34:56 INFO  ASTQueryTranslatorFactory:47 - HHH000397: Using ASTQueryTranslatorFactory
2015-11-30 22:34:57 INFO  SchemaUpdate:207 - HHH000228: Running hbm2ddl schema update
2015-11-30 22:34:57 INFO  SchemaUpdate:218 - HHH000102: Fetching database metadata
2015-11-30 22:34:57 INFO  SchemaUpdate:230 - HHH000396: Updating schema
2015-11-30 22:34:57 INFO  TableMetadata:66 - HHH000261: Table found: blog.avatares
2015-11-30 22:34:57 INFO  TableMetadata:67 - HHH000037: Columns: [tipo, titulo, id, avatar]
2015-11-30 22:34:57 INFO  TableMetadata:69 - HHH000108: Foreign keys: []
2015-11-30 22:34:57 INFO  TableMetadata:70 - HHH000126: Indexes: [primary]
2015-11-30 22:34:57 INFO  TableMetadata:66 - HHH000261: Table found: blog.usuarios
2015-11-30 22:34:57 INFO  TableMetadata:67 - HHH000037: Columns: [senha_hash, avatar_id, data_cadastro, nome, id, email, perfil]
2015-11-30 22:34:57 INFO  TableMetadata:69 - HHH000108: Foreign keys: [fk_1viseg42e5ulcg81pw2taux7p]
2015-11-30 22:34:57 INFO  TableMetadata:70 - HHH000126: Indexes: [uk_exw5vja1pgfobcpqtldhnx6uv, uk_kfsp0s1tflm1cwlj8idhqsad0, fk_1viseg42e5ulcg81pw2taux7p, primary]
2015-11-30 22:34:57 INFO  SchemaUpdate:267 - HHH000232: Schema update complete
2015-11-30 22:56:45 INFO  LogHelper:46 - HHH000204: Processing PersistenceUnitInfo [
	name: default
	...]
2015-11-30 22:56:45 INFO  Version:54 - HHH000412: Hibernate Core {4.3.8.Final}
2015-11-30 22:56:45 INFO  Environment:239 - HHH000206: hibernate.properties not found
2015-11-30 22:56:45 INFO  Environment:346 - HHH000021: Bytecode provider name : javassist
2015-11-30 22:56:46 INFO  Version:66 - HCANN000001: Hibernate Commons Annotations {4.0.5.Final}
2015-11-30 22:56:47 INFO  Dialect:145 - HHH000400: Using dialect: org.hibernate.dialect.MySQL5Dialect
2015-11-30 22:56:47 INFO  ASTQueryTranslatorFactory:47 - HHH000397: Using ASTQueryTranslatorFactory
2015-11-30 22:56:48 INFO  SchemaUpdate:207 - HHH000228: Running hbm2ddl schema update
2015-11-30 22:56:48 INFO  SchemaUpdate:218 - HHH000102: Fetching database metadata
2015-11-30 22:56:48 INFO  SchemaUpdate:230 - HHH000396: Updating schema
2015-11-30 22:56:48 INFO  TableMetadata:66 - HHH000261: Table found: blog.avatares
2015-11-30 22:56:48 INFO  TableMetadata:67 - HHH000037: Columns: [tipo, titulo, id, avatar]
2015-11-30 22:56:48 INFO  TableMetadata:69 - HHH000108: Foreign keys: []
2015-11-30 22:56:48 INFO  TableMetadata:70 - HHH000126: Indexes: [primary]
2015-11-30 22:56:48 INFO  TableMetadata:66 - HHH000261: Table found: blog.usuarios
2015-11-30 22:56:48 INFO  TableMetadata:67 - HHH000037: Columns: [senha_hash, avatar_id, data_cadastro, nome, id, email, perfil]
2015-11-30 22:56:48 INFO  TableMetadata:69 - HHH000108: Foreign keys: [fk_1viseg42e5ulcg81pw2taux7p]
2015-11-30 22:56:48 INFO  TableMetadata:70 - HHH000126: Indexes: [uk_exw5vja1pgfobcpqtldhnx6uv, uk_kfsp0s1tflm1cwlj8idhqsad0, fk_1viseg42e5ulcg81pw2taux7p, primary]
2015-11-30 22:56:48 INFO  SchemaUpdate:267 - HHH000232: Schema update complete
2015-11-30 23:01:03 INFO  LogHelper:46 - HHH000204: Processing PersistenceUnitInfo [
	name: default
	...]
2015-11-30 23:01:04 INFO  Version:54 - HHH000412: Hibernate Core {4.3.8.Final}
2015-11-30 23:01:04 INFO  Environment:239 - HHH000206: hibernate.properties not found
2015-11-30 23:01:04 INFO  Environment:346 - HHH000021: Bytecode provider name : javassist
2015-11-30 23:01:04 INFO  Version:66 - HCANN000001: Hibernate Commons Annotations {4.0.5.Final}
2015-11-30 23:01:05 INFO  Dialect:145 - HHH000400: Using dialect: org.hibernate.dialect.MySQL5Dialect
2015-11-30 23:01:05 INFO  ASTQueryTranslatorFactory:47 - HHH000397: Using ASTQueryTranslatorFactory
2015-11-30 23:01:06 INFO  SchemaUpdate:207 - HHH000228: Running hbm2ddl schema update
2015-11-30 23:01:06 INFO  SchemaUpdate:218 - HHH000102: Fetching database metadata
2015-11-30 23:01:06 INFO  SchemaUpdate:230 - HHH000396: Updating schema
2015-11-30 23:01:06 INFO  TableMetadata:66 - HHH000261: Table found: blog.avatares
2015-11-30 23:01:06 INFO  TableMetadata:67 - HHH000037: Columns: [tipo, titulo, id, avatar]
2015-11-30 23:01:06 INFO  TableMetadata:69 - HHH000108: Foreign keys: []
2015-11-30 23:01:06 INFO  TableMetadata:70 - HHH000126: Indexes: [primary]
2015-11-30 23:01:06 INFO  TableMetadata:66 - HHH000261: Table found: blog.usuarios
2015-11-30 23:01:06 INFO  TableMetadata:67 - HHH000037: Columns: [senha_hash, avatar_id, data_cadastro, nome, id, email, perfil]
2015-11-30 23:01:06 INFO  TableMetadata:69 - HHH000108: Foreign keys: [fk_1viseg42e5ulcg81pw2taux7p]
2015-11-30 23:01:06 INFO  TableMetadata:70 - HHH000126: Indexes: [uk_exw5vja1pgfobcpqtldhnx6uv, uk_kfsp0s1tflm1cwlj8idhqsad0, fk_1viseg42e5ulcg81pw2taux7p, primary]
2015-11-30 23:01:06 INFO  SchemaUpdate:267 - HHH000232: Schema update complete
2015-11-30 23:01:27 INFO  LogHelper:46 - HHH000204: Processing PersistenceUnitInfo [
	name: default
	...]
2015-11-30 23:01:27 INFO  Version:54 - HHH000412: Hibernate Core {4.3.8.Final}
2015-11-30 23:01:27 INFO  Environment:239 - HHH000206: hibernate.properties not found
2015-11-30 23:01:27 INFO  Environment:346 - HHH000021: Bytecode provider name : javassist
2015-11-30 23:01:28 INFO  Version:66 - HCANN000001: Hibernate Commons Annotations {4.0.5.Final}
2015-11-30 23:01:28 INFO  Dialect:145 - HHH000400: Using dialect: org.hibernate.dialect.MySQL5Dialect
2015-11-30 23:01:29 INFO  ASTQueryTranslatorFactory:47 - HHH000397: Using ASTQueryTranslatorFactory
2015-11-30 23:01:30 INFO  SchemaUpdate:207 - HHH000228: Running hbm2ddl schema update
2015-11-30 23:01:30 INFO  SchemaUpdate:218 - HHH000102: Fetching database metadata
2015-11-30 23:01:30 INFO  SchemaUpdate:230 - HHH000396: Updating schema
2015-11-30 23:01:30 INFO  TableMetadata:66 - HHH000261: Table found: blog.avatares
2015-11-30 23:01:30 INFO  TableMetadata:67 - HHH000037: Columns: [tipo, titulo, id, avatar]
2015-11-30 23:01:30 INFO  TableMetadata:69 - HHH000108: Foreign keys: []
2015-11-30 23:01:30 INFO  TableMetadata:70 - HHH000126: Indexes: [primary]
2015-11-30 23:01:30 INFO  TableMetadata:66 - HHH000261: Table found: blog.usuarios
2015-11-30 23:01:30 INFO  TableMetadata:67 - HHH000037: Columns: [senha_hash, avatar_id, data_cadastro, nome, id, email, perfil]
2015-11-30 23:01:30 INFO  TableMetadata:69 - HHH000108: Foreign keys: [fk_1viseg42e5ulcg81pw2taux7p]
2015-11-30 23:01:30 INFO  TableMetadata:70 - HHH000126: Indexes: [uk_exw5vja1pgfobcpqtldhnx6uv, uk_kfsp0s1tflm1cwlj8idhqsad0, fk_1viseg42e5ulcg81pw2taux7p, primary]
2015-11-30 23:01:30 INFO  SchemaUpdate:267 - HHH000232: Schema update complete
2015-11-30 23:09:31 INFO  LogHelper:46 - HHH000204: Processing PersistenceUnitInfo [
	name: default
	...]
2015-11-30 23:09:31 INFO  Version:54 - HHH000412: Hibernate Core {4.3.8.Final}
2015-11-30 23:09:31 INFO  Environment:239 - HHH000206: hibernate.properties not found
2015-11-30 23:09:31 INFO  Environment:346 - HHH000021: Bytecode provider name : javassist
2015-11-30 23:09:32 INFO  Version:66 - HCANN000001: Hibernate Commons Annotations {4.0.5.Final}
2015-11-30 23:09:32 INFO  Dialect:145 - HHH000400: Using dialect: org.hibernate.dialect.MySQL5Dialect
2015-11-30 23:09:33 INFO  ASTQueryTranslatorFactory:47 - HHH000397: Using ASTQueryTranslatorFactory
2015-11-30 23:09:33 INFO  SchemaUpdate:207 - HHH000228: Running hbm2ddl schema update
2015-11-30 23:09:33 INFO  SchemaUpdate:218 - HHH000102: Fetching database metadata
2015-11-30 23:09:33 INFO  SchemaUpdate:230 - HHH000396: Updating schema
2015-11-30 23:09:33 INFO  TableMetadata:66 - HHH000261: Table found: blog.avatares
2015-11-30 23:09:33 INFO  TableMetadata:67 - HHH000037: Columns: [tipo, titulo, id, avatar]
2015-11-30 23:09:33 INFO  TableMetadata:69 - HHH000108: Foreign keys: []
2015-11-30 23:09:33 INFO  TableMetadata:70 - HHH000126: Indexes: [primary]
2015-11-30 23:09:33 INFO  TableMetadata:66 - HHH000261: Table found: blog.usuarios
2015-11-30 23:09:33 INFO  TableMetadata:67 - HHH000037: Columns: [senha_hash, avatar_id, data_cadastro, nome, id, email, perfil]
2015-11-30 23:09:33 INFO  TableMetadata:69 - HHH000108: Foreign keys: [fk_1viseg42e5ulcg81pw2taux7p]
2015-11-30 23:09:33 INFO  TableMetadata:70 - HHH000126: Indexes: [uk_exw5vja1pgfobcpqtldhnx6uv, uk_kfsp0s1tflm1cwlj8idhqsad0, fk_1viseg42e5ulcg81pw2taux7p, primary]
2015-11-30 23:09:33 INFO  SchemaUpdate:267 - HHH000232: Schema update complete
2015-11-30 23:09:43 INFO  LogHelper:46 - HHH000204: Processing PersistenceUnitInfo [
	name: default
	...]
2015-11-30 23:09:43 INFO  Version:54 - HHH000412: Hibernate Core {4.3.8.Final}
2015-11-30 23:09:43 INFO  Environment:239 - HHH000206: hibernate.properties not found
2015-11-30 23:09:43 INFO  Environment:346 - HHH000021: Bytecode provider name : javassist
2015-11-30 23:09:44 INFO  Version:66 - HCANN000001: Hibernate Commons Annotations {4.0.5.Final}
2015-11-30 23:09:45 INFO  Dialect:145 - HHH000400: Using dialect: org.hibernate.dialect.MySQL5Dialect
2015-11-30 23:09:45 INFO  ASTQueryTranslatorFactory:47 - HHH000397: Using ASTQueryTranslatorFactory
2015-11-30 23:09:46 INFO  SchemaUpdate:207 - HHH000228: Running hbm2ddl schema update
2015-11-30 23:09:46 INFO  SchemaUpdate:218 - HHH000102: Fetching database metadata
2015-11-30 23:09:46 INFO  SchemaUpdate:230 - HHH000396: Updating schema
2015-11-30 23:09:46 INFO  TableMetadata:66 - HHH000261: Table found: blog.avatares
2015-11-30 23:09:46 INFO  TableMetadata:67 - HHH000037: Columns: [tipo, titulo, id, avatar]
2015-11-30 23:09:46 INFO  TableMetadata:69 - HHH000108: Foreign keys: []
2015-11-30 23:09:46 INFO  TableMetadata:70 - HHH000126: Indexes: [primary]
2015-11-30 23:09:46 INFO  TableMetadata:66 - HHH000261: Table found: blog.usuarios
2015-11-30 23:09:46 INFO  TableMetadata:67 - HHH000037: Columns: [senha_hash, avatar_id, data_cadastro, nome, id, email, perfil]
2015-11-30 23:09:46 INFO  TableMetadata:69 - HHH000108: Foreign keys: [fk_1viseg42e5ulcg81pw2taux7p]
2015-11-30 23:09:46 INFO  TableMetadata:70 - HHH000126: Indexes: [uk_exw5vja1pgfobcpqtldhnx6uv, uk_kfsp0s1tflm1cwlj8idhqsad0, fk_1viseg42e5ulcg81pw2taux7p, primary]
2015-11-30 23:09:46 INFO  SchemaUpdate:267 - HHH000232: Schema update complete
2015-11-30 23:13:20 INFO  LogHelper:46 - HHH000204: Processing PersistenceUnitInfo [
	name: default
	...]
2015-11-30 23:13:21 INFO  Version:54 - HHH000412: Hibernate Core {4.3.8.Final}
2015-11-30 23:13:21 INFO  Environment:239 - HHH000206: hibernate.properties not found
2015-11-30 23:13:21 INFO  Environment:346 - HHH000021: Bytecode provider name : javassist
2015-11-30 23:13:21 INFO  Version:66 - HCANN000001: Hibernate Commons Annotations {4.0.5.Final}
2015-11-30 23:13:22 INFO  Dialect:145 - HHH000400: Using dialect: org.hibernate.dialect.MySQL5Dialect
2015-11-30 23:13:22 INFO  ASTQueryTranslatorFactory:47 - HHH000397: Using ASTQueryTranslatorFactory
2015-11-30 23:13:23 INFO  SchemaUpdate:207 - HHH000228: Running hbm2ddl schema update
2015-11-30 23:13:23 INFO  SchemaUpdate:218 - HHH000102: Fetching database metadata
2015-11-30 23:13:23 INFO  SchemaUpdate:230 - HHH000396: Updating schema
2015-11-30 23:13:23 INFO  TableMetadata:66 - HHH000261: Table found: blog.avatares
2015-11-30 23:13:23 INFO  TableMetadata:67 - HHH000037: Columns: [tipo, titulo, id, avatar]
2015-11-30 23:13:23 INFO  TableMetadata:69 - HHH000108: Foreign keys: []
2015-11-30 23:13:23 INFO  TableMetadata:70 - HHH000126: Indexes: [primary]
2015-11-30 23:13:23 INFO  TableMetadata:66 - HHH000261: Table found: blog.usuarios
2015-11-30 23:13:23 INFO  TableMetadata:67 - HHH000037: Columns: [senha_hash, avatar_id, data_cadastro, nome, id, email, perfil]
2015-11-30 23:13:23 INFO  TableMetadata:69 - HHH000108: Foreign keys: [fk_1viseg42e5ulcg81pw2taux7p]
2015-11-30 23:13:23 INFO  TableMetadata:70 - HHH000126: Indexes: [uk_exw5vja1pgfobcpqtldhnx6uv, uk_kfsp0s1tflm1cwlj8idhqsad0, fk_1viseg42e5ulcg81pw2taux7p, primary]
2015-11-30 23:13:23 INFO  SchemaUpdate:267 - HHH000232: Schema update complete
2015-12-01 23:39:34 INFO  LogHelper:46 - HHH000204: Processing PersistenceUnitInfo [
	name: default
	...]
2015-12-01 23:39:34 INFO  Version:54 - HHH000412: Hibernate Core {4.3.8.Final}
2015-12-01 23:39:34 INFO  Environment:239 - HHH000206: hibernate.properties not found
2015-12-01 23:39:34 INFO  Environment:346 - HHH000021: Bytecode provider name : javassist
2015-12-01 23:39:35 INFO  Version:66 - HCANN000001: Hibernate Commons Annotations {4.0.5.Final}
2015-12-01 23:39:35 INFO  Dialect:145 - HHH000400: Using dialect: org.hibernate.dialect.MySQL5Dialect
2015-12-01 23:39:36 INFO  ASTQueryTranslatorFactory:47 - HHH000397: Using ASTQueryTranslatorFactory
2015-12-01 23:39:36 INFO  SchemaUpdate:207 - HHH000228: Running hbm2ddl schema update
2015-12-01 23:39:36 INFO  SchemaUpdate:218 - HHH000102: Fetching database metadata
2015-12-01 23:39:36 INFO  SchemaUpdate:230 - HHH000396: Updating schema
2015-12-01 23:39:36 INFO  TableMetadata:66 - HHH000261: Table found: blog.avatares
2015-12-01 23:39:36 INFO  TableMetadata:67 - HHH000037: Columns: [tipo, titulo, id, avatar]
2015-12-01 23:39:36 INFO  TableMetadata:69 - HHH000108: Foreign keys: []
2015-12-01 23:39:36 INFO  TableMetadata:70 - HHH000126: Indexes: [primary]
2015-12-01 23:39:36 INFO  TableMetadata:66 - HHH000261: Table found: blog.usuarios
2015-12-01 23:39:36 INFO  TableMetadata:67 - HHH000037: Columns: [senha_hash, avatar_id, data_cadastro, nome, id, email, perfil]
2015-12-01 23:39:36 INFO  TableMetadata:69 - HHH000108: Foreign keys: [fk_1viseg42e5ulcg81pw2taux7p]
2015-12-01 23:39:36 INFO  TableMetadata:70 - HHH000126: Indexes: [uk_exw5vja1pgfobcpqtldhnx6uv, uk_kfsp0s1tflm1cwlj8idhqsad0, fk_1viseg42e5ulcg81pw2taux7p, primary]
2015-12-01 23:39:36 INFO  SchemaUpdate:267 - HHH000232: Schema update complete
2015-12-02 00:09:13 INFO  LogHelper:46 - HHH000204: Processing PersistenceUnitInfo [
	name: default
	...]
2015-12-02 00:09:14 INFO  Version:54 - HHH000412: Hibernate Core {4.3.8.Final}
2015-12-02 00:09:14 INFO  Environment:239 - HHH000206: hibernate.properties not found
2015-12-02 00:09:14 INFO  Environment:346 - HHH000021: Bytecode provider name : javassist
2015-12-02 00:09:14 INFO  Version:66 - HCANN000001: Hibernate Commons Annotations {4.0.5.Final}
2015-12-02 00:09:15 INFO  Dialect:145 - HHH000400: Using dialect: org.hibernate.dialect.MySQL5Dialect
2015-12-02 00:09:15 INFO  ASTQueryTranslatorFactory:47 - HHH000397: Using ASTQueryTranslatorFactory
2015-12-02 00:09:16 INFO  SchemaUpdate:207 - HHH000228: Running hbm2ddl schema update
2015-12-02 00:09:16 INFO  SchemaUpdate:218 - HHH000102: Fetching database metadata
2015-12-02 00:09:16 INFO  SchemaUpdate:230 - HHH000396: Updating schema
2015-12-02 00:09:16 INFO  TableMetadata:66 - HHH000261: Table found: blog.avatares
2015-12-02 00:09:16 INFO  TableMetadata:67 - HHH000037: Columns: [tipo, titulo, id, avatar]
2015-12-02 00:09:16 INFO  TableMetadata:69 - HHH000108: Foreign keys: []
2015-12-02 00:09:16 INFO  TableMetadata:70 - HHH000126: Indexes: [primary]
2015-12-02 00:09:16 INFO  TableMetadata:66 - HHH000261: Table found: blog.usuarios
2015-12-02 00:09:16 INFO  TableMetadata:67 - HHH000037: Columns: [senha_hash, avatar_id, data_cadastro, nome, id, email, perfil]
2015-12-02 00:09:16 INFO  TableMetadata:69 - HHH000108: Foreign keys: [fk_1viseg42e5ulcg81pw2taux7p]
2015-12-02 00:09:16 INFO  TableMetadata:70 - HHH000126: Indexes: [uk_exw5vja1pgfobcpqtldhnx6uv, uk_kfsp0s1tflm1cwlj8idhqsad0, fk_1viseg42e5ulcg81pw2taux7p, primary]
2015-12-02 00:09:16 INFO  SchemaUpdate:267 - HHH000232: Schema update complete
2015-12-02 00:09:21 INFO  LogHelper:46 - HHH000204: Processing PersistenceUnitInfo [
	name: default
	...]
2015-12-02 00:09:21 INFO  Dialect:145 - HHH000400: Using dialect: org.hibernate.dialect.MySQL5Dialect
2015-12-02 00:09:21 INFO  ASTQueryTranslatorFactory:47 - HHH000397: Using ASTQueryTranslatorFactory
2015-12-02 00:09:21 INFO  SchemaUpdate:207 - HHH000228: Running hbm2ddl schema update
2015-12-02 00:09:21 INFO  SchemaUpdate:218 - HHH000102: Fetching database metadata
2015-12-02 00:09:21 INFO  SchemaUpdate:230 - HHH000396: Updating schema
2015-12-02 00:09:21 INFO  TableMetadata:66 - HHH000261: Table found: blog.avatares
2015-12-02 00:09:21 INFO  TableMetadata:67 - HHH000037: Columns: [tipo, titulo, id, avatar]
2015-12-02 00:09:21 INFO  TableMetadata:69 - HHH000108: Foreign keys: []
2015-12-02 00:09:21 INFO  TableMetadata:70 - HHH000126: Indexes: [primary]
2015-12-02 00:09:21 INFO  TableMetadata:66 - HHH000261: Table found: blog.usuarios
2015-12-02 00:09:21 INFO  TableMetadata:67 - HHH000037: Columns: [senha_hash, avatar_id, data_cadastro, nome, id, email, perfil]
2015-12-02 00:09:21 INFO  TableMetadata:69 - HHH000108: Foreign keys: [fk_1viseg42e5ulcg81pw2taux7p]
2015-12-02 00:09:21 INFO  TableMetadata:70 - HHH000126: Indexes: [uk_exw5vja1pgfobcpqtldhnx6uv, uk_kfsp0s1tflm1cwlj8idhqsad0, fk_1viseg42e5ulcg81pw2taux7p, primary]
2015-12-02 00:09:21 INFO  SchemaUpdate:267 - HHH000232: Schema update complete
2015-12-02 00:12:27 INFO  LogHelper:46 - HHH000204: Processing PersistenceUnitInfo [
	name: default
	...]
2015-12-02 00:12:27 INFO  Version:54 - HHH000412: Hibernate Core {4.3.8.Final}
2015-12-02 00:12:27 INFO  Environment:239 - HHH000206: hibernate.properties not found
2015-12-02 00:12:27 INFO  Environment:346 - HHH000021: Bytecode provider name : javassist
2015-12-02 00:12:28 INFO  Version:66 - HCANN000001: Hibernate Commons Annotations {4.0.5.Final}
2015-12-02 00:12:29 INFO  Dialect:145 - HHH000400: Using dialect: org.hibernate.dialect.MySQL5Dialect
2015-12-02 00:12:29 INFO  ASTQueryTranslatorFactory:47 - HHH000397: Using ASTQueryTranslatorFactory
2015-12-02 00:12:30 INFO  SchemaUpdate:207 - HHH000228: Running hbm2ddl schema update
2015-12-02 00:12:30 INFO  SchemaUpdate:218 - HHH000102: Fetching database metadata
2015-12-02 00:12:30 INFO  SchemaUpdate:230 - HHH000396: Updating schema
2015-12-02 00:12:30 INFO  TableMetadata:66 - HHH000261: Table found: blog.avatares
2015-12-02 00:12:30 INFO  TableMetadata:67 - HHH000037: Columns: [tipo, titulo, id, avatar]
2015-12-02 00:12:30 INFO  TableMetadata:69 - HHH000108: Foreign keys: []
2015-12-02 00:12:30 INFO  TableMetadata:70 - HHH000126: Indexes: [primary]
2015-12-02 00:12:30 INFO  TableMetadata:66 - HHH000261: Table found: blog.usuarios
2015-12-02 00:12:30 INFO  TableMetadata:67 - HHH000037: Columns: [senha_hash, avatar_id, data_cadastro, nome, id, email, perfil]
2015-12-02 00:12:30 INFO  TableMetadata:69 - HHH000108: Foreign keys: [fk_1viseg42e5ulcg81pw2taux7p]
2015-12-02 00:12:30 INFO  TableMetadata:70 - HHH000126: Indexes: [uk_exw5vja1pgfobcpqtldhnx6uv, uk_kfsp0s1tflm1cwlj8idhqsad0, fk_1viseg42e5ulcg81pw2taux7p, primary]
2015-12-02 00:12:30 INFO  SchemaUpdate:267 - HHH000232: Schema update complete
2015-12-02 00:17:03 INFO  LogHelper:46 - HHH000204: Processing PersistenceUnitInfo [
	name: default
	...]
2015-12-02 00:17:03 INFO  Version:54 - HHH000412: Hibernate Core {4.3.8.Final}
2015-12-02 00:17:03 INFO  Environment:239 - HHH000206: hibernate.properties not found
2015-12-02 00:17:03 INFO  Environment:346 - HHH000021: Bytecode provider name : javassist
2015-12-02 00:17:04 INFO  Version:66 - HCANN000001: Hibernate Commons Annotations {4.0.5.Final}
2015-12-02 00:17:05 INFO  Dialect:145 - HHH000400: Using dialect: org.hibernate.dialect.MySQL5Dialect
2015-12-02 00:17:05 INFO  ASTQueryTranslatorFactory:47 - HHH000397: Using ASTQueryTranslatorFactory
2015-12-02 00:17:06 INFO  SchemaUpdate:207 - HHH000228: Running hbm2ddl schema update
2015-12-02 00:17:06 INFO  SchemaUpdate:218 - HHH000102: Fetching database metadata
2015-12-02 00:17:06 INFO  SchemaUpdate:230 - HHH000396: Updating schema
2015-12-02 00:17:06 INFO  TableMetadata:66 - HHH000261: Table found: blog.avatares
2015-12-02 00:17:06 INFO  TableMetadata:67 - HHH000037: Columns: [tipo, titulo, id, avatar]
2015-12-02 00:17:06 INFO  TableMetadata:69 - HHH000108: Foreign keys: []
2015-12-02 00:17:06 INFO  TableMetadata:70 - HHH000126: Indexes: [primary]
2015-12-02 00:17:06 INFO  TableMetadata:66 - HHH000261: Table found: blog.usuarios
2015-12-02 00:17:06 INFO  TableMetadata:67 - HHH000037: Columns: [senha_hash, avatar_id, data_cadastro, nome, id, email, perfil]
2015-12-02 00:17:06 INFO  TableMetadata:69 - HHH000108: Foreign keys: [fk_1viseg42e5ulcg81pw2taux7p]
2015-12-02 00:17:06 INFO  TableMetadata:70 - HHH000126: Indexes: [uk_exw5vja1pgfobcpqtldhnx6uv, uk_kfsp0s1tflm1cwlj8idhqsad0, fk_1viseg42e5ulcg81pw2taux7p, primary]
2015-12-02 00:17:06 INFO  SchemaUpdate:267 - HHH000232: Schema update complete
